2011-09-14T02:35:58+00:00 CRIT (2): Entraron a Contacto
2011-09-14T02:35:58+00:00 DEBUG (7): Entraron a Contacto DBG
2011-09-14T02:36:00+00:00 CRIT (2): Entraron a Contacto
2011-09-14T02:36:00+00:00 DEBUG (7): Entraron a Contacto DBG
2011-09-14T02:36:00+00:00 CRIT (2): Entraron a Contacto
2011-09-14T02:36:00+00:00 DEBUG (7): Entraron a Contacto DBG
-----------
2011-09-14T02:36:22+00:00 CRIT (2): Entraron a Contacto
2011-09-14T02:36:23+00:00 CRIT (2): Entraron a Contacto
2011-09-14T02:36:23+00:00 CRIT (2): Entraron a Contacto
2011-09-14T02:41:06+00:00 CRIT (2): Entraron a Contacto (Firebug) 
2011-09-14T02:41:19+00:00 CRIT (2): Entraron a Contacto (Firebug) 
2011-09-14T02:41:20+00:00 CRIT (2): Entraron a Contacto (Firebug) 
2011-09-14T02:41:21+00:00 CRIT (2): Entraron a Contacto (Firebug) 
2011-09-14T02:41:48+00:00 CRIT (2): Entraron a Contacto (Firebug) 
2011-09-14T02:42:02+00:00 CRIT (2): Entraron a Contacto (Firebug) 
2011-09-14T02:43:03+00:00 DEBUG (7): development
2011-09-14T02:43:03+00:00 CRIT (2): Entraron a Contacto (Firebug) 
2011-09-14T02:43:03+00:00 DEBUG (7): Entraron a Contacto DBG
2011-09-14T02:44:37+00:00 EMERG (0): emerg
2011-09-14T02:44:37+00:00 ALERT (1): alert
2011-09-14T02:44:37+00:00 CRIT (2): crit
2011-09-14T02:44:37+00:00 ERR (3): crit
2011-09-14T02:44:37+00:00 WARN (4): warn
2011-09-14T02:44:37+00:00 NOTICE (5): not
2011-09-14T02:44:37+00:00 INFO (6): info
2011-09-14T02:44:37+00:00 DEBUG (7): debug
2011-09-14T02:44:47+00:00 EMERG (0): emerg
2011-09-14T02:44:47+00:00 ALERT (1): alert
2011-09-14T02:44:47+00:00 CRIT (2): crit
2011-09-14T02:44:47+00:00 ERR (3): err
2011-09-14T02:44:47+00:00 WARN (4): warn
2011-09-14T02:44:47+00:00 NOTICE (5): not
2011-09-14T02:44:47+00:00 INFO (6): info
2011-09-14T02:44:47+00:00 DEBUG (7): debug
2011-09-14T02:45:53+00:00 DEBUG (7): array
2011-09-14T02:46:15+00:00 DEBUG (7): array
2011-09-14T02:46:15+00:00 DEBUG (7): object
2011-09-14T02:55:18+00:00 DEBUG (7): array
2011-09-14T02:55:18+00:00 DEBUG (7): object
2011-09-14T02:55:31+00:00 DEBUG (7): array
2011-09-14T02:55:31+00:00 DEBUG (7): object
2011-09-14T02:56:11+00:00 DEBUG (7): array
2011-09-14T02:56:11+00:00 DEBUG (7): object
2011-09-14T02:56:11+00:00 DEBUG (7): array
2011-09-14T02:56:11+00:00 DEBUG (7): object
2011-09-14T02:56:12+00:00 DEBUG (7): array
2011-09-14T02:56:12+00:00 DEBUG (7): object
2011-09-14T02:56:18+00:00 DEBUG (7): array
2011-09-14T02:56:18+00:00 DEBUG (7): object
2011-09-14T02:58:10+00:00 DEBUG (7): array
2011-09-14T02:58:10+00:00 DEBUG (7): object
2011-09-14T03:06:20+00:00 DEBUG (7): array
2011-09-14T03:06:20+00:00 DEBUG (7): object
2011-09-14T03:06:22+00:00 DEBUG (7): array
2011-09-14T03:06:22+00:00 DEBUG (7): object
2011-09-14T03:11:44+00:00 DEBUG (7): array
2011-09-14T03:11:44+00:00 DEBUG (7): object
2011-09-14T03:12:11+00:00 DEBUG (7): array
2011-09-14T03:12:11+00:00 DEBUG (7): object
2011-09-14T03:12:13+00:00 DEBUG (7): array
2011-09-14T03:12:13+00:00 DEBUG (7): object
